[19:10:46] [ServerMain/INFO]: [bootstrap] Running Java 21 (OpenJDK 64-Bit Server VM 21.0.8+9-Ubuntu-0ubuntu124.04.1; Ubuntu null) on Linux 6.8.0-1030-azure (amd64)
[19:10:46] [ServerMain/INFO]: [bootstrap] Loading Paper 1.21.8-6-main@782ce95 (2025-07-18T20:26:58Z) for Minecraft 1.21.8
[19:10:46] [ServerMain/INFO]: [PluginInitializerManager] Initializing plugins...
[19:10:47] [ServerMain/INFO]: [PluginInitializerManager] Initialized 0 plugins
[19:10:48] [Paper Plugin Remapper Thread - 0/INFO]: [ReobfServer] Remapping server...
[19:10:54] [ServerMain/INFO]: Environment: Environment[sessionHost=https://sessionserver.mojang.com, servicesHost=https://api.minecraftservices.com, name=PROD]
[19:10:54] [ServerMain/INFO]: Found new data pack file/bukkit, loading it automatically
[19:10:54] [ServerMain/INFO]: Found new data pack paper, loading it automatically
[19:10:56] [ServerMain/INFO]: No existing world data, creating new world
[19:10:57] [Paper Plugin Remapper Thread - 0/INFO]: [ReobfServer] Done remapping server in 8926ms.
[19:10:57] [ServerMain/INFO]: Loaded 1407 recipes
[19:10:57] [ServerMain/INFO]: Loaded 1520 advancements
[19:10:57] [ServerMain/INFO]: [ca.spottedleaf.dataconverter.minecraft.datatypes.MCTypeRegistry] Initialising converters for DataConverter...
[19:10:58] [ServerMain/INFO]: [ca.spottedleaf.dataconverter.minecraft.datatypes.MCTypeRegistry] Finished initialising converters for DataConverter in 548.4ms
[19:10:58] [Server thread/INFO]: Starting minecraft server version 1.21.8
[19:10:58] [Server thread/INFO]: Loading properties
[19:10:58] [Server thread/INFO]: This server is running Paper version 1.21.8-6-main@782ce95 (2025-07-18T20:26:58Z) (Implementing API version 1.21.8-R0.1-SNAPSHOT)
[19:10:58] [Server thread/INFO]: [spark] This server bundles the spark profiler. For more information please visit https://docs.papermc.io/paper/profiling
[19:10:58] [Server thread/INFO]: Server Ping Player Sample Count: 12
[19:10:58] [Server thread/INFO]: Using 4 threads for Netty based IO
[19:10:58] [Server thread/INFO]: [MoonriseCommon] Paper is using 1 worker threads, 1 I/O threads
[19:10:58] [Server thread/INFO]: [ChunkTaskScheduler] Chunk system is using population gen parallelism: true
[19:10:59] [Server thread/INFO]: Default game type: SURVIVAL
[19:10:59] [Server thread/INFO]: Generating keypair
[19:10:59] [Server thread/INFO]: Starting Minecraft server on *:25565
[19:10:59] [Server thread/INFO]: Using epoll channel type
[19:10:59] [Server thread/INFO]: Paper: Using libdeflate (Linux x86_64) compression from Velocity.
[19:10:59] [Server thread/INFO]: Paper: Using OpenSSL 3.x.x (Linux x86_64) cipher from Velocity.
[19:10:59] [Server thread/WARN]: **** SERVER IS RUNNING IN OFFLINE/INSECURE MODE!
[19:10:59] [Server thread/WARN]: The server will make no attempt to authenticate usernames. Beware.
[19:10:59] [Server thread/WARN]: While this makes the game possible to play without internet access, it also opens up the ability for hackers to connect with any username they choose.
[19:10:59] [Server thread/WARN]: To change this, set "online-mode" to "true" in the server.properties file.
[19:10:59] [Server thread/INFO]: Preparing level "world"
[19:11:10] [Server thread/INFO]: Preparing start region for dimension minecraft:overworld
[19:11:10] [Server thread/INFO]: Preparing spawn area: 0%
[19:11:11] [Server thread/INFO]: Preparing spawn area: 2%
[19:11:11] [Server thread/INFO]: Preparing spawn area: 2%
[19:11:12] [Server thread/INFO]: Preparing spawn area: 2%
[19:11:12] [Server thread/INFO]: Preparing spawn area: 2%
[19:11:13] [Server thread/INFO]: Preparing spawn area: 10%
[19:11:13] [Server thread/INFO]: Preparing spawn area: 18%
[19:11:14] [Server thread/INFO]: Preparing spawn area: 18%
[19:11:14] [Server thread/INFO]: Preparing spawn area: 30%
[19:11:15] [Server thread/INFO]: Preparing spawn area: 46%
[19:11:15] [Server thread/INFO]: Preparing spawn area: 57%
[19:11:16] [Server thread/INFO]: Preparing spawn area: 63%
[19:11:16] [Server thread/INFO]: Preparing spawn area: 69%
[19:11:16] [Server thread/INFO]: Time elapsed: 6078 ms
[19:11:16] [Server thread/INFO]: Preparing start region for dimension minecraft:the_nether
[19:11:16] [Server thread/INFO]: Preparing spawn area: 2%
[19:11:17] [Server thread/INFO]: Preparing spawn area: 2%
[19:11:17] [Server thread/INFO]: Preparing spawn area: 32%
[19:11:18] [Server thread/INFO]: Preparing spawn area: 51%
[19:11:18] [Server thread/INFO]: Time elapsed: 1810 ms
[19:11:18] [Server thread/INFO]: Preparing start region for dimension minecraft:the_end
[19:11:18] [Server thread/INFO]: Preparing spawn area: 2%
[19:11:19] [Server thread/INFO]: Time elapsed: 488 ms
[19:11:19] [Server thread/INFO]: [spark] Starting background profiler...
[19:11:19] [Server thread/INFO]: Done preparing level "world" (19.989s)
[19:11:19] [Server thread/INFO]: Running delayed init tasks
[19:11:19] [Server thread/INFO]: Done (33.698s)! For help, type "help"
[19:11:19] [Server thread/INFO]: *************************************************************************************
[19:11:19] [Server thread/INFO]: This is the first time you're starting this server.
[19:11:19] [Server thread/INFO]: It's recommended you read our 'Getting Started' documentation for guidance.
[19:11:19] [Server thread/INFO]: View this and more helpful information here: https://docs.papermc.io/paper/next-steps
[19:11:19] [Server thread/INFO]: *************************************************************************************
[19:11:19] [Server thread/INFO]: Unknown or incomplete command, see below for error
home/codespace/.python/current/bin/python /workspaces/COSOLAND2.0/msx.py<--[HERE]
